Traceback (most recent call last):
  File "/Users/jaeihn/opt/miniconda3/lib/python3.10/site-packages/jupyter_cache/executors/utils.py", line 51, in single_nb_execution
    executenb(
  File "/Users/jaeihn/opt/miniconda3/lib/python3.10/site-packages/nbclient/client.py", line 1204, in execute
    return NotebookClient(nb=nb, resources=resources, km=km, **kwargs).execute()
  File "/Users/jaeihn/opt/miniconda3/lib/python3.10/site-packages/nbclient/util.py", line 84, in wrapped
    return just_run(coro(*args, **kwargs))
  File "/Users/jaeihn/opt/miniconda3/lib/python3.10/site-packages/nbclient/util.py", line 62, in just_run
    return loop.run_until_complete(coro)
  File "/Users/jaeihn/opt/miniconda3/lib/python3.10/asyncio/base_events.py", line 646, in run_until_complete
    return future.result()
  File "/Users/jaeihn/opt/miniconda3/lib/python3.10/site-packages/nbclient/client.py", line 663, in async_execute
    await self.async_execute_cell(
  File "/Users/jaeihn/opt/miniconda3/lib/python3.10/site-packages/nbclient/client.py", line 965, in async_execute_cell
    await self._check_raise_for_error(cell, cell_index, exec_reply)
  File "/Users/jaeihn/opt/miniconda3/lib/python3.10/site-packages/nbclient/client.py", line 862, in _check_raise_for_error
    raise CellExecutionError.from_cell_and_msg(cell, exec_reply_content)
nbclient.exceptions.CellExecutionError: An error occurred while executing the following cell:
------------------
n_deaths_chart = ((gun_deaths_scatter.mark_line(color='#AA4547') +
                    alt.Chart().mark_rule(strokeDash=[5,5]).encode(x=alt.datum(2005)) +
                    gun_deaths_scatter
                   ).configure_axis(labelFontSize=15, titleFontSize=18)
                    .configure_title(fontSize=20))

# Annotate
gun_deaths_text = (alt.Chart(gun_deaths)
                             .mark_text(dx=125, dy=-115, color='black', size=15)
                             .encode(text = alt.value('2005, Gun law enacted')))

------------------

[0;31m---------------------------------------------------------------------------[0m
[0;31mNameError[0m                                 Traceback (most recent call last)
Input [0;32mIn [8][0m, in [0;36m<cell line: 1>[0;34m()[0m
[0;32m----> 1[0m n_deaths_chart [38;5;241m=[39m (([43mgun_deaths_scatter[49m[38;5;241m.[39mmark_line(color[38;5;241m=[39m[38;5;124m'[39m[38;5;124m#AA4547[39m[38;5;124m'[39m) [38;5;241m+[39m
[1;32m      2[0m                     alt[38;5;241m.[39mChart()[38;5;241m.[39mmark_rule(strokeDash[38;5;241m=[39m[[38;5;241m5[39m,[38;5;241m5[39m])[38;5;241m.[39mencode(x[38;5;241m=[39malt[38;5;241m.[39mdatum([38;5;241m2005[39m)) [38;5;241m+[39m
[1;32m      3[0m                     gun_deaths_scatter
[1;32m      4[0m                    )[38;5;241m.[39mconfigure_axis(labelFontSize[38;5;241m=[39m[38;5;241m15[39m, titleFontSize[38;5;241m=[39m[38;5;241m18[39m)
[1;32m      5[0m                     [38;5;241m.[39mconfigure_title(fontSize[38;5;241m=[39m[38;5;241m20[39m))
[1;32m      7[0m [38;5;66;03m# Annotate[39;00m
[1;32m      8[0m gun_deaths_text [38;5;241m=[39m (alt[38;5;241m.[39mChart(gun_deaths)
[1;32m      9[0m                              [38;5;241m.[39mmark_text(dx[38;5;241m=[39m[38;5;241m125[39m, dy[38;5;241m=[39m[38;5;241m-[39m[38;5;241m115[39m, color[38;5;241m=[39m[38;5;124m'[39m[38;5;124mblack[39m[38;5;124m'[39m, size[38;5;241m=[39m[38;5;241m15[39m)
[1;32m     10[0m                              [38;5;241m.[39mencode(text [38;5;241m=[39m alt[38;5;241m.[39mvalue([38;5;124m'[39m[38;5;124m2005, Gun law enacted[39m[38;5;124m'[39m)))

[0;31mNameError[0m: name 'gun_deaths_scatter' is not defined
NameError: name 'gun_deaths_scatter' is not defined

